  [1m[35m (190.6ms)[0m  [1m[35mCREATE DATABASE "boredom_development" ENCODING = 'unicode'[0m
  [1m[35m (104.2ms)[0m  [1m[35mCREATE DATABASE "boredom_test" ENCODING = 'unicode'[0m
Started GET "/" for ::1 at 2023-02-24 13:26:31 -0600
Processing by Rails::WelcomeController#index as HTML
  Rendering /Users/zachruiz/.rvm/gems/ruby-2.7.4/gems/railties-7.0.4.2/lib/rails/templates/rails/welcome/index.html.erb
  Rendered /Users/zachruiz/.rvm/gems/ruby-2.7.4/gems/railties-7.0.4.2/lib/rails/templates/rails/welcome/index.html.erb (Duration: 3.0ms | Allocations: 773)
Completed 200 OK in 32ms (Views: 11.4ms | ActiveRecord: 0.0ms | Allocations: 6652)


Started GET "/hello" for ::1 at 2023-02-24 13:26:49 -0600
Processing by ApplicationController#hello_world as HTML
[active_model_serializers] Rendered ActiveModel::Serializer::Null with Hash (0.08ms)
Completed 200 OK in 5ms (Views: 2.7ms | ActiveRecord: 0.0ms | Allocations: 725)


Started GET "/favicon.ico" for ::1 at 2023-02-24 13:26:50 -0600
  
ActionController::RoutingError (No route matches [GET] "/favicon.ico"):
  
Started GET "/hello" for ::1 at 2023-02-24 13:26:53 -0600
Processing by ApplicationController#hello_world as HTML
[active_model_serializers] Rendered ActiveModel::Serializer::Null with Hash (0.07ms)
Completed 200 OK in 1ms (Views: 0.4ms | ActiveRecord: 0.0ms | Allocations: 308)


Started GET "/hello" for ::1 at 2023-02-24 13:26:54 -0600
Processing by ApplicationController#hello_world as HTML
[active_model_serializers] Rendered ActiveModel::Serializer::Null with Hash (0.07ms)
Completed 200 OK in 1ms (Views: 0.4ms | ActiveRecord: 0.0ms | Allocations: 328)


Started GET "/hello" for ::1 at 2023-02-24 13:26:54 -0600
Processing by ApplicationController#hello_world as HTML
[active_model_serializers] Rendered ActiveModel::Serializer::Null with Hash (0.06ms)
Completed 200 OK in 1ms (Views: 0.4ms | ActiveRecord: 0.0ms | Allocations: 320)


Started GET "/hello" for ::1 at 2023-02-24 13:26:55 -0600
Processing by ApplicationController#hello_world as HTML
[active_model_serializers] Rendered ActiveModel::Serializer::Null with Hash (0.1ms)
Completed 200 OK in 1ms (Views: 0.5ms | ActiveRecord: 0.0ms | Allocations: 317)


Started GET "/hello" for ::1 at 2023-02-24 13:26:55 -0600
Processing by ApplicationController#hello_world as HTML
[active_model_serializers] Rendered ActiveModel::Serializer::Null with Hash (0.07ms)
Completed 200 OK in 1ms (Views: 0.7ms | ActiveRecord: 0.0ms | Allocations: 318)


Started GET "/hello" for ::1 at 2023-02-24 13:26:55 -0600
Processing by ApplicationController#hello_world as HTML
[active_model_serializers] Rendered ActiveModel::Serializer::Null with Hash (0.06ms)
Completed 200 OK in 1ms (Views: 0.4ms | ActiveRecord: 0.0ms | Allocations: 320)


Started GET "/hello" for ::1 at 2023-02-24 13:26:56 -0600
Processing by ApplicationController#hello_world as HTML
[active_model_serializers] Rendered ActiveModel::Serializer::Null with Hash (0.06ms)
Completed 200 OK in 1ms (Views: 0.4ms | ActiveRecord: 0.0ms | Allocations: 302)


Started GET "/hello" for ::1 at 2023-02-24 13:32:41 -0600
Processing by ApplicationController#hello_world as HTML
[active_model_serializers] Rendered ActiveModel::Serializer::Null with Hash (0.22ms)
Completed 200 OK in 27ms (Views: 2.1ms | ActiveRecord: 0.0ms | Allocations: 19477)


Started GET "/hello" for ::1 at 2023-02-24 13:32:43 -0600
Processing by ApplicationController#hello_world as HTML
[active_model_serializers] Rendered ActiveModel::Serializer::Null with Hash (0.06ms)
Completed 200 OK in 1ms (Views: 0.4ms | ActiveRecord: 0.0ms | Allocations: 322)


Started GET "/hello" for ::1 at 2023-02-24 13:32:44 -0600
Processing by ApplicationController#hello_world as HTML
[active_model_serializers] Rendered ActiveModel::Serializer::Null with Hash (0.07ms)
Completed 200 OK in 1ms (Views: 0.4ms | ActiveRecord: 0.0ms | Allocations: 324)


Started GET "/hello" for ::1 at 2023-02-24 13:32:44 -0600
Processing by ApplicationController#hello_world as HTML
[active_model_serializers] Rendered ActiveModel::Serializer::Null with Hash (0.07ms)
Completed 200 OK in 1ms (Views: 0.4ms | ActiveRecord: 0.0ms | Allocations: 310)


